\BOOKMARK [0][-]{chapter*.2}{Abstract}{}% 1
\BOOKMARK [0][-]{chapter*.3}{Acknowledgements}{}% 2
\BOOKMARK [0][-]{chapter*.6}{Nomenclature}{}% 3
\BOOKMARK [0][-]{chapter*.7}{Acronyms}{}% 4
\BOOKMARK [0][-]{chapter.1}{Methods}{}% 5
\BOOKMARK [1][-]{section.1.1}{Bayesian analysis and decision theory}{chapter.1}% 6
\BOOKMARK [2][-]{subsection.1.1.1}{Basic elements}{section.1.1}% 7
\BOOKMARK [2][-]{subsection.1.1.2}{Bayesian inference}{section.1.1}% 8
\BOOKMARK [2][-]{subsection.1.1.3}{Estimation}{section.1.1}% 9
\BOOKMARK [2][-]{subsection.1.1.4}{Expected loss and loss functions}{section.1.1}% 10
\BOOKMARK [1][-]{section.1.2}{Application in structural geological modeling}{chapter.1}% 11
\BOOKMARK [2][-]{subsection.1.2.1}{Markov chain Monte Carlo sampling \(MCMC\)}{section.1.2}% 12
\BOOKMARK [2][-]{subsection.1.2.2}{Structural geological forward modeling}{section.1.2}% 13
\BOOKMARK [2][-]{subsection.1.2.3}{Economic significance and reservoir valuation}{section.1.2}% 14
\BOOKMARK [3][-]{section*.9}{Original oil-in-place and recoverable volumes as value measures}{subsection.1.2.3}% 15
\BOOKMARK [3][-]{section*.10}{Net present value}{subsection.1.2.3}% 16
\BOOKMARK [3][-]{section*.11}{Abstract valuation using scores in the one-dimensional model}{subsection.1.2.3}% 17
\BOOKMARK [2][-]{subsection.1.2.4}{Numerical computational implementation via Python, GemPy and PyMC}{section.1.2}% 18
\BOOKMARK [1][-]{section.1.3}{Designing a case-specific loss function}{chapter.1}% 19
\BOOKMARK [2][-]{subsection.1.3.1}{Including different risk-affinities in the loss function}{section.1.3}% 20
\BOOKMARK [1][-]{section.1.4}{Constructing a 1D geological reservoir model}{chapter.1}% 21
\BOOKMARK [1][-]{section.1.5}{Constructing a full 3D geological reservoir model}{chapter.1}% 22
\BOOKMARK [0][-]{chapter.2}{Results}{}% 23
\BOOKMARK [1][-]{section.2.1}{Results using the 1D geological model}{chapter.2}% 24
\BOOKMARK [1][-]{section.2.2}{Results using the 3D geological model}{chapter.2}% 25
\BOOKMARK [0][-]{chapter.3}{Discussion}{}% 26
\BOOKMARK [0][-]{chapter.4}{Conclusion}{}% 27
\BOOKMARK [0][-]{chapter.4}{Bibliography}{}% 28
\BOOKMARK [0][-]{appendix.A}{The back of the thesis}{}% 29
\BOOKMARK [1][-]{section.A.1}{An appendix section}{appendix.A}% 30
\BOOKMARK [2][-]{subsection.A.1.1}{An appendix subsection with C++ Lisitng}{section.A.1}% 31
\BOOKMARK [2][-]{subsection.A.1.2}{A Matlab \040Listing}{section.A.1}% 32
\BOOKMARK [0][-]{appendix.B}{Yet another appendix}{}% 33
\BOOKMARK [1][-]{section.B.1}{Another test section}{appendix.B}% 34
