\BOOKMARK [0][-]{chapter*.2}{Abstract}{}% 1
\BOOKMARK [0][-]{chapter*.3}{Acknowledgements}{}% 2
\BOOKMARK [0][-]{chapter*.6}{Nomenclature}{}% 3
\BOOKMARK [0][-]{chapter*.7}{Acronyms}{}% 4
\BOOKMARK [0][-]{chapter.1}{Introduction}{}% 5
\BOOKMARK [-1][-]{part.1}{I First Part}{}% 6
\BOOKMARK [0][-]{chapter.2}{Methods}{part.1}% 7
\BOOKMARK [1][-]{section.2.1}{Bayesian analysis and decision theory}{chapter.2}% 8
\BOOKMARK [2][-]{subsection.2.1.1}{Bayesian inference}{section.2.1}% 9
\BOOKMARK [2][-]{subsection.2.1.2}{Estimation}{section.2.1}% 10
\BOOKMARK [2][-]{subsection.2.1.3}{Expected loss and loss functions}{section.2.1}% 11
\BOOKMARK [1][-]{section.2.2}{Application in structural geological modeling}{chapter.2}% 12
\BOOKMARK [1][-]{section.2.3}{Example section}{chapter.2}% 13
\BOOKMARK [2][-]{subsection.2.3.1}{The first subsection}{section.2.3}% 14
\BOOKMARK [3][-]{section*.9}{Subsection Short Title}{subsection.2.3.1}% 15
\BOOKMARK [0][-]{table.caption.12}{Bibliography}{part.1}% 16
\BOOKMARK [0][-]{appendix.A}{The back of the thesis}{part.1}% 17
\BOOKMARK [1][-]{section.A.1}{An appendix section}{appendix.A}% 18
\BOOKMARK [2][-]{subsection.A.1.1}{An appendix subsection with C++ Lisitng}{section.A.1}% 19
\BOOKMARK [2][-]{subsection.A.1.2}{A Matlab \040Listing}{section.A.1}% 20
\BOOKMARK [0][-]{appendix.B}{Yet another appendix}{part.1}% 21
\BOOKMARK [1][-]{section.B.1}{Another test section}{appendix.B}% 22
